# JRE version: OpenJDK Runtime Environment (15.0.2+7) (build 15.0.2+7-27)
# Java VM: OpenJDK 64-Bit Server VM (15.0.2+7-27, mixed mode, sharing, tiered, compressed oops, g1 gc, windows-amd64)
GC Precious Log:
 CPUs: 8 total, 8 available
 Memory: 16315M
 Large Page Support: Disabled
 NUMA Support: Disabled
 Compressed Oops: Enabled (Zero based)
 Heap Region Size: 2M
 Heap Min Capacity: 8M
 Heap Initial Capacity: 256M
 Heap Max Capacity: 4080M
 Pre-touch: Disabled
 Parallel Workers: 8
 Concurrent Workers: 2
 Concurrent Refinement Workers: 8
 Periodic GC: Disabled
Heap:
 garbage-first heap   total 83968K, used 43891K [0x0000000701000000, 0x0000000800000000)
  region size 2048K, 5 young (10240K), 2 survivors (4096K)
 Metaspace       used 78030K, capacity 78644K, committed 78896K, reserved 1118208K
  class space    used 10657K, capacity 10867K, committed 10880K, reserved 1048576K
GC Heap History (20 events):
Event: 9.690 GC heap before
{Heap before GC invocations=14 (full 0):
 garbage-first heap   total 69632K, used 25051K [0x0000000701000000, 0x0000000800000000)
  region size 2048K, 5 young (10240K), 3 survivors (6144K)
 Metaspace       used 35396K, capacity 35741K, committed 35888K, reserved 1081344K
  class space    used 4506K, capacity 4609K, committed 4736K, reserved 1048576K
}
Event: 9.699 GC heap after
{Heap after GC invocations=15 (full 0):
 garbage-first heap   total 69632K, used 23496K [0x0000000701000000, 0x0000000800000000)
  region size 2048K, 2 young (4096K), 2 survivors (4096K)
 Metaspace       used 35396K, capacity 35741K, committed 35888K, reserved 1081344K
  class space    used 4506K, capacity 4609K, committed 4736K, reserved 1048576K
}
Event: 10.842 GC heap before
{Heap before GC invocations=16 (full 0):
 garbage-first heap   total 69632K, used 52168K [0x0000000701000000, 0x0000000800000000)
  region size 2048K, 16 young (32768K), 2 survivors (4096K)
 Metaspace       used 39131K, capacity 39545K, committed 39728K, reserved 1083392K
  class space    used 5114K, capacity 5246K, committed 5248K, reserved 1048576K
}
Event: 10.850 GC heap after
{Heap after GC invocations=17 (full 0):
 garbage-first heap   total 69632K, used 25431K [0x0000000701000000, 0x0000000800000000)
  region size 2048K, 2 young (4096K), 2 survivors (4096K)
 Metaspace       used 39131K, capacity 39545K, committed 39728K, reserved 1083392K
  class space    used 5114K, capacity 5246K, committed 5248K, reserved 1048576K
}
Event: 11.571 GC heap before
{Heap before GC invocations=17 (full 0):
 garbage-first heap   total 69632K, used 52055K [0x0000000701000000, 0x0000000800000000)
  region size 2048K, 15 young (30720K), 2 survivors (4096K)
 Metaspace       used 41589K, capacity 42021K, committed 42160K, reserved 1085440K
  class space    used 5457K, capacity 5602K, committed 5632K, reserved 1048576K
}
Event: 11.585 GC heap after
{Heap after GC invocations=18 (full 0):
 garbage-first heap   total 69632K, used 27814K [0x0000000701000000, 0x0000000800000000)
  region size 2048K, 2 young (4096K), 2 survivors (4096K)
 Metaspace       used 41589K, capacity 42021K, committed 42160K, reserved 1085440K
  class space    used 5457K, capacity 5602K, committed 5632K, reserved 1048576K
}
Event: 12.335 GC heap before
{Heap before GC invocations=18 (full 0):
 garbage-first heap   total 69632K, used 52390K [0x0000000701000000, 0x0000000800000000)
  region size 2048K, 14 young (28672K), 2 survivors (4096K)
 Metaspace       used 46346K, capacity 46760K, committed 47024K, reserved 1089536K
  class space    used 6248K, capacity 6371K, committed 6400K, reserved 1048576K
}
Event: 12.339 GC heap after
{Heap after GC invocations=19 (full 0):
 garbage-first heap   total 83968K, used 29080K [0x0000000701000000, 0x0000000800000000)
  region size 2048K, 1 young (2048K), 1 survivors (2048K)
 Metaspace       used 46346K, capacity 46760K, committed 47024K, reserved 1089536K
  class space    used 6248K, capacity 6371K, committed 6400K, reserved 1048576K
}
Event: 12.987 GC heap before
{Heap before GC invocations=19 (full 0):
 garbage-first heap   total 83968K, used 63896K [0x0000000701000000, 0x0000000800000000)
  region size 2048K, 18 young (36864K), 1 survivors (2048K)
 Metaspace       used 53758K, capacity 54300K, committed 54448K, reserved 1095680K
  class space    used 7370K, capacity 7580K, committed 7680K, reserved 1048576K
}
Event: 12.991 GC heap after
{Heap after GC invocations=20 (full 0):
 garbage-first heap   total 83968K, used 30990K [0x0000000701000000, 0x0000000800000000)
  region size 2048K, 2 young (4096K), 2 survivors (4096K)
 Metaspace       used 53758K, capacity 54300K, committed 54448K, reserved 1095680K
  class space    used 7370K, capacity 7580K, committed 7680K, reserved 1048576K
}
Event: 15.594 GC heap before
{Heap before GC invocations=20 (full 0):
 garbage-first heap   total 83968K, used 63758K [0x0000000701000000, 0x0000000800000000)
  region size 2048K, 18 young (36864K), 2 survivors (4096K)
 Metaspace       used 58553K, capacity 59129K, committed 59312K, reserved 1099776K
  class space    used 7909K, capacity 8089K, committed 8192K, reserved 1048576K
}
Event: 15.599 GC heap after
{Heap after GC invocations=21 (full 0):
 garbage-first heap   total 83968K, used 34205K [0x0000000701000000, 0x0000000800000000)
  region size 2048K, 3 young (6144K), 3 survivors (6144K)
 Metaspace       used 58553K, capacity 59129K, committed 59312K, reserved 1099776K
  class space    used 7909K, capacity 8089K, committed 8192K, reserved 1048576K
}
Event: 15.650 GC heap before
{Heap before GC invocations=21 (full 0):
 garbage-first heap   total 83968K, used 38301K [0x0000000701000000, 0x0000000800000000)
  region size 2048K, 6 young (12288K), 3 survivors (6144K)
 Metaspace       used 59587K, capacity 60191K, committed 60240K, reserved 1101824K
  class space    used 7996K, capacity 8186K, committed 8192K, reserved 1048576K
}
Event: 15.654 GC heap after
{Heap after GC invocations=22 (full 0):
 garbage-first heap   total 83968K, used 34920K [0x0000000701000000, 0x0000000800000000)
  region size 2048K, 2 young (4096K), 2 survivors (4096K)
 Metaspace       used 59587K, capacity 60191K, committed 60240K, reserved 1101824K
  class space    used 7996K, capacity 8186K, committed 8192K, reserved 1048576K
}
Event: 16.660 GC heap before
{Heap before GC invocations=23 (full 0):
 garbage-first heap   total 83968K, used 63592K [0x0000000701000000, 0x0000000800000000)
  region size 2048K, 16 young (32768K), 2 survivors (4096K)
 Metaspace       used 67622K, capacity 68204K, committed 68528K, reserved 1107968K
  class space    used 9198K, capacity 9379K, committed 9472K, reserved 1048576K
}
Event: 16.665 GC heap after
{Heap after GC invocations=24 (full 0):
 garbage-first heap   total 83968K, used 37018K [0x0000000701000000, 0x0000000800000000)
  region size 2048K, 2 young (4096K), 2 survivors (4096K)
 Metaspace       used 67622K, capacity 68204K, committed 68528K, reserved 1107968K
  class space    used 9198K, capacity 9379K, committed 9472K, reserved 1048576K
}
Event: 17.821 GC heap before
{Heap before GC invocations=25 (full 0):
 garbage-first heap   total 83968K, used 61594K [0x0000000701000000, 0x0000000800000000)
  region size 2048K, 15 young (30720K), 2 survivors (4096K)
 Metaspace       used 73002K, capacity 73659K, committed 73776K, reserved 1114112K
  class space    used 9884K, capacity 10086K, committed 10112K, reserved 1048576K
}
Event: 17.825 GC heap after
{Heap after GC invocations=26 (full 0):
 garbage-first heap   total 83968K, used 38470K [0x0000000701000000, 0x0000000800000000)
  region size 2048K, 2 young (4096K), 2 survivors (4096K)
 Metaspace       used 73002K, capacity 73659K, committed 73776K, reserved 1114112K
  class space    used 9884K, capacity 10086K, committed 10112K, reserved 1048576K
}
Event: 18.657 GC heap before
{Heap before GC invocations=26 (full 0):
 garbage-first heap   total 83968K, used 65094K [0x0000000701000000, 0x0000000800000000)
  region size 2048K, 15 young (30720K), 2 survivors (4096K)
 Metaspace       used 77943K, capacity 78612K, committed 78896K, reserved 1118208K
  class space    used 10648K, capacity 10835K, committed 10880K, reserved 1048576K
}
Event: 18.663 GC heap after
{Heap after GC invocations=27 (full 0):
 garbage-first heap   total 83968K, used 39795K [0x0000000701000000, 0x0000000800000000)
  region size 2048K, 2 young (4096K), 2 survivors (4096K)
 Metaspace       used 77943K, capacity 78612K, committed 78896K, reserved 1118208K
  class space    used 10648K, capacity 10835K, committed 10880K, reserved 1048576K
}

