# JRE version: OpenJDK Runtime Environment (15.0.2+7) (build 15.0.2+7-27)
# Java VM: OpenJDK 64-Bit Server VM (15.0.2+7-27, mixed mode, tiered, compressed oops, g1 gc, windows-amd64)
GC Precious Log:
 CPUs: 8 total, 8 available
 Memory: 16315M
 Large Page Support: Disabled
 NUMA Support: Disabled
 Compressed Oops: Enabled (Zero based)
 Heap Region Size: 2M
 Heap Min Capacity: 8M
 Heap Initial Capacity: 256M
 Heap Max Capacity: 4080M
 Pre-touch: Disabled
 Parallel Workers: 8
 Concurrent Workers: 2
 Concurrent Refinement Workers: 8
 Periodic GC: Disabled
Heap:
 garbage-first heap   total 108544K, used 60444K [0x0000000701000000, 0x0000000800000000)
  region size 2048K, 17 young (34816K), 3 survivors (6144K)
 Metaspace       used 75281K, capacity 75896K, committed 76116K, reserved 1116160K
  class space    used 9628K, capacity 9812K, committed 9856K, reserved 1048576K
GC Heap History (20 events):
Event: 2.962 GC heap before
{Heap before GC invocations=9 (full 0):
 garbage-first heap   total 61440K, used 43884K [0x0000000701000000, 0x0000000800000000)
  region size 2048K, 15 young (30720K), 1 survivors (2048K)
 Metaspace       used 30824K, capacity 31109K, committed 31408K, reserved 1077248K
  class space    used 3620K, capacity 3724K, committed 3840K, reserved 1048576K
}
Event: 2.963 GC heap after
{Heap after GC invocations=10 (full 0):
 garbage-first heap   total 61440K, used 17327K [0x0000000701000000, 0x0000000800000000)
  region size 2048K, 1 young (2048K), 1 survivors (2048K)
 Metaspace       used 30824K, capacity 31109K, committed 31408K, reserved 1077248K
  class space    used 3620K, capacity 3724K, committed 3840K, reserved 1048576K
}
Event: 2.997 GC heap before
{Heap before GC invocations=10 (full 0):
 garbage-first heap   total 61440K, used 43951K [0x0000000701000000, 0x0000000800000000)
  region size 2048K, 15 young (30720K), 1 survivors (2048K)
 Metaspace       used 31541K, capacity 31877K, committed 32176K, reserved 1077248K
  class space    used 3677K, capacity 3788K, committed 3840K, reserved 1048576K
}
Event: 2.999 GC heap after
{Heap after GC invocations=11 (full 0):
 garbage-first heap   total 61440K, used 17496K [0x0000000701000000, 0x0000000800000000)
  region size 2048K, 1 young (2048K), 1 survivors (2048K)
 Metaspace       used 31541K, capacity 31877K, committed 32176K, reserved 1077248K
  class space    used 3677K, capacity 3788K, committed 3840K, reserved 1048576K
}
Event: 3.004 GC heap before
{Heap before GC invocations=11 (full 0):
 garbage-first heap   total 61440K, used 46168K [0x0000000701000000, 0x0000000800000000)
  region size 2048K, 16 young (32768K), 1 survivors (2048K)
 Metaspace       used 31577K, capacity 31877K, committed 32176K, reserved 1077248K
  class space    used 3679K, capacity 3788K, committed 3840K, reserved 1048576K
}
Event: 3.005 GC heap after
{Heap after GC invocations=12 (full 0):
 garbage-first heap   total 61440K, used 17598K [0x0000000701000000, 0x0000000800000000)
  region size 2048K, 2 young (4096K), 2 survivors (4096K)
 Metaspace       used 31577K, capacity 31877K, committed 32176K, reserved 1077248K
  class space    used 3679K, capacity 3788K, committed 3840K, reserved 1048576K
}
Event: 3.032 GC heap before
{Heap before GC invocations=12 (full 0):
 garbage-first heap   total 61440K, used 44222K [0x0000000701000000, 0x0000000800000000)
  region size 2048K, 16 young (32768K), 2 survivors (4096K)
 Metaspace       used 32431K, capacity 32741K, committed 33072K, reserved 1079296K
  class space    used 3768K, capacity 3884K, committed 3968K, reserved 1048576K
}
Event: 3.034 GC heap after
{Heap after GC invocations=13 (full 0):
 garbage-first heap   total 161792K, used 17703K [0x0000000701000000, 0x0000000800000000)
  region size 2048K, 2 young (4096K), 2 survivors (4096K)
 Metaspace       used 32431K, capacity 32741K, committed 33072K, reserved 1079296K
  class space    used 3768K, capacity 3884K, committed 3968K, reserved 1048576K
}
Event: 3.587 GC heap before
{Heap before GC invocations=13 (full 0):
 garbage-first heap   total 161792K, used 48423K [0x0000000701000000, 0x0000000800000000)
  region size 2048K, 19 young (38912K), 2 survivors (4096K)
 Metaspace       used 35410K, capacity 35738K, committed 35920K, reserved 1081344K
  class space    used 4150K, capacity 4255K, committed 4352K, reserved 1048576K
}
Event: 3.591 GC heap after
{Heap after GC invocations=14 (full 0):
 garbage-first heap   total 161792K, used 19634K [0x0000000701000000, 0x0000000800000000)
  region size 2048K, 3 young (6144K), 3 survivors (6144K)
 Metaspace       used 35410K, capacity 35738K, committed 35920K, reserved 1081344K
  class space    used 4150K, capacity 4255K, committed 4352K, reserved 1048576K
}
Event: 4.792 GC heap before
{Heap before GC invocations=15 (full 0):
 garbage-first heap   total 90112K, used 66738K [0x0000000701000000, 0x0000000800000000)
  region size 2048K, 26 young (53248K), 3 survivors (6144K)
 Metaspace       used 40076K, capacity 40468K, committed 40656K, reserved 1085440K
  class space    used 4818K, capacity 4949K, committed 4992K, reserved 1048576K
}
Event: 4.799 GC heap after
{Heap after GC invocations=16 (full 0):
 garbage-first heap   total 90112K, used 22099K [0x0000000701000000, 0x0000000800000000)
  region size 2048K, 4 young (8192K), 4 survivors (8192K)
 Metaspace       used 40076K, capacity 40468K, committed 40656K, reserved 1085440K
  class space    used 4818K, capacity 4949K, committed 4992K, reserved 1048576K
}
Event: 6.082 GC heap before
{Heap before GC invocations=16 (full 0):
 garbage-first heap   total 90112K, used 67155K [0x0000000701000000, 0x0000000800000000)
  region size 2048K, 26 young (53248K), 4 survivors (8192K)
 Metaspace       used 47013K, capacity 47421K, committed 47568K, reserved 1091584K
  class space    used 5863K, capacity 5996K, committed 6016K, reserved 1048576K
}
Event: 6.092 GC heap after
{Heap after GC invocations=17 (full 0):
 garbage-first heap   total 90112K, used 25947K [0x0000000701000000, 0x0000000800000000)
  region size 2048K, 4 young (8192K), 4 survivors (8192K)
 Metaspace       used 47013K, capacity 47421K, committed 47568K, reserved 1091584K
  class space    used 5863K, capacity 5996K, committed 6016K, reserved 1048576K
}
Event: 7.076 GC heap before
{Heap before GC invocations=17 (full 0):
 garbage-first heap   total 90112K, used 66907K [0x0000000701000000, 0x0000000800000000)
  region size 2048K, 24 young (49152K), 4 survivors (8192K)
 Metaspace       used 55898K, capacity 56434K, committed 56656K, reserved 1099776K
  class space    used 7224K, capacity 7420K, committed 7424K, reserved 1048576K
}
Event: 7.082 GC heap after
{Heap after GC invocations=18 (full 0):
 garbage-first heap   total 90112K, used 28532K [0x0000000701000000, 0x0000000800000000)
  region size 2048K, 2 young (4096K), 2 survivors (4096K)
 Metaspace       used 55898K, capacity 56434K, committed 56656K, reserved 1099776K
  class space    used 7224K, capacity 7420K, committed 7424K, reserved 1048576K
}
Event: 13.835 GC heap before
{Heap before GC invocations=18 (full 0):
 garbage-first heap   total 90112K, used 44916K [0x0000000701000000, 0x0000000800000000)
  region size 2048K, 11 young (22528K), 2 survivors (4096K)
 Metaspace       used 59621K, capacity 60081K, committed 60240K, reserved 1101824K
  class space    used 7642K, capacity 7838K, committed 7936K, reserved 1048576K
}
Event: 13.838 GC heap after
{Heap after GC invocations=19 (full 0):
 garbage-first heap   total 108544K, used 29925K [0x0000000701000000, 0x0000000800000000)
  region size 2048K, 3 young (6144K), 3 survivors (6144K)
 Metaspace       used 59621K, capacity 60081K, committed 60240K, reserved 1101824K
  class space    used 7642K, capacity 7838K, committed 7936K, reserved 1048576K
}
Event: 15.215 GC heap before
{Heap before GC invocations=20 (full 0):
 garbage-first heap   total 108544K, used 74981K [0x0000000701000000, 0x0000000800000000)
  region size 2048K, 26 young (53248K), 3 survivors (6144K)
 Metaspace       used 68456K, capacity 68974K, committed 69204K, reserved 1110016K
  class space    used 8619K, capacity 8812K, committed 8832K, reserved 1048576K
}
Event: 15.220 GC heap after
{Heap after GC invocations=21 (full 0):
 garbage-first heap   total 108544K, used 33820K [0x0000000701000000, 0x0000000800000000)
  region size 2048K, 3 young (6144K), 3 survivors (6144K)
 Metaspace       used 68456K, capacity 68974K, committed 69204K, reserved 1110016K
  class space    used 8619K, capacity 8812K, committed 8832K, reserved 1048576K
}

